[debug] [2018-03-10T11:33:53.182Z] ----------------------------------------------------------------------
[debug] [2018-03-10T11:33:53.185Z] Command:       C:\Program Files\nodejs\node.exe C:\Users\admin\AppData\Roaming\npm\node_modules\firebase-tools\bin\firebase serve
[debug] [2018-03-10T11:33:53.186Z] CLI Version:   3.17.5
[debug] [2018-03-10T11:33:53.186Z] Platform:      win32
[debug] [2018-03-10T11:33:53.186Z] Node Version:  v8.9.4
[debug] [2018-03-10T11:33:53.186Z] Time:          Sat Mar 10 2018 20:33:53 GMT+0900 (대한민국 표준시)
[debug] [2018-03-10T11:33:53.188Z] ----------------------------------------------------------------------
[debug] 
[debug] [2018-03-10T11:33:53.212Z] > command requires scopes: ["email","openid","https://www.googleapis.com/auth/cloudplatformprojects.readonly","https://www.googleapis.com/auth/firebase","https://www.googleapis.com/auth/cloud-platform"]
[debug] [2018-03-10T11:33:53.213Z] > authorizing via signed-in user
[debug] [2018-03-10T11:33:53.217Z] > refreshing access token with scopes: ["email","https://www.googleapis.com/auth/cloud-platform","https://www.googleapis.com/auth/cloudplatformprojects.readonly","https://www.googleapis.com/auth/firebase","openid"]
[debug] [2018-03-10T11:33:53.218Z] >>> HTTP REQUEST POST https://www.googleapis.com/oauth2/v3/token  
 { refresh_token: '1/FuPT0HavneK7otsehVWC6vYBd-F2drjs6MzqoiQ49NA',
  client_id: '563584335869-fgrhgmd47bqnekij5i8b5pr03ho849e6.apps.googleusercontent.com',
  client_secret: 'j9iVZfS8kkCEFUPaAeJV0sAi',
  grant_type: 'refresh_token',
  scope: 'email https://www.googleapis.com/auth/cloud-platform https://www.googleapis.com/auth/cloudplatformprojects.readonly https://www.googleapis.com/auth/firebase openid' } 
 Sat Mar 10 2018 20:33:53 GMT+0900 (대한민국 표준시)
[debug] [2018-03-10T11:33:53.558Z] <<< HTTP RESPONSE 200
[debug] [2018-03-10T11:33:53.578Z] >>> HTTP REQUEST GET https://admin.firebase.com/v1/projects/cvhaeseong  
  
 Sat Mar 10 2018 20:33:53 GMT+0900 (대한민국 표준시)
[debug] [2018-03-10T11:33:54.601Z] <<< HTTP RESPONSE 200
[debug] [2018-03-10T11:33:54.604Z] >>> HTTP REQUEST GET https://admin.firebase.com/v1/database/cvhaeseong/tokens  
  
 Sat Mar 10 2018 20:33:54 GMT+0900 (대한민국 표준시)
[debug] [2018-03-10T11:33:55.414Z] <<< HTTP RESPONSE 200
[debug] [2018-03-10T11:33:55.416Z] >>> HTTP REQUEST GET https://cloudresourcemanager.googleapis.com/v1/projects/cvhaeseong  
  
 Sat Mar 10 2018 20:33:55 GMT+0900 (대한민국 표준시)
[debug] [2018-03-10T11:33:56.406Z] <<< HTTP RESPONSE 200
[info] 
[info] === Serving from 'C:\myfolder\CS\project\CVproject\cvvuejs2'...
[info] 
[debug] [2018-03-10T11:33:56.426Z] >>> HTTP REQUEST GET https://mobilesdk-pa.googleapis.com/v1/projects/22859122597/clients/_:getWebAppConfig  
  
 Sat Mar 10 2018 20:33:56 GMT+0900 (대한민국 표준시)
[debug] [2018-03-10T11:33:57.333Z] <<< HTTP RESPONSE 200
[info] i  hosting: Serving hosting files from: ./dist
[info] +  hosting: Local server: http://localhost:5000

